  neuron.cpp
c:\users\jered\documents\projects\protein\neuron\neuron.cpp(30): error C2079: 'TrainingData::m_trainingDataFile' uses undefined class 'std::basic_ifstream<char,std::char_traits<char>>'
c:\users\jered\documents\projects\protein\neuron\neuron.cpp(21): error C2228: left of '.eof' must have class/struct/union
  c:\users\jered\documents\projects\protein\neuron\neuron.cpp(21): note: type is 'int'
c:\users\jered\documents\projects\protein\neuron\neuron.cpp(38): error C2672: 'getline': no matching overloaded function found
c:\users\jered\documents\projects\protein\neuron\neuron.cpp(38): error C2784: 'std::basic_istream<_Elem,_Traits> &std::getline(std::basic_istream<_Elem,_Traits> &,std::basic_string<_Elem,_Traits,_Alloc> &)': could not deduce template argument for 'std::basic_istream<_Elem,_Traits> &' from 'int'
  c:\program files (x86)\microsoft visual studio\2017\community\vc\tools\msvc\14.12.25827\include\string(155): note: see declaration of 'std::getline'
c:\users\jered\documents\projects\protein\neuron\neuron.cpp(38): error C2780: 'std::basic_istream<_Elem,_Traits> &std::getline(std::basic_istream<_Elem,_Traits> &,std::basic_string<_Elem,_Traits,_Alloc> &,const _Elem)': expects 3 arguments - 2 provided
  c:\program files (x86)\microsoft visual studio\2017\community\vc\tools\msvc\14.12.25827\include\string(144): note: see declaration of 'std::getline'
c:\users\jered\documents\projects\protein\neuron\neuron.cpp(38): error C2784: 'std::basic_istream<_Elem,_Traits> &std::getline(std::basic_istream<_Elem,_Traits> &&,std::basic_string<_Elem,_Traits,_Alloc> &)': could not deduce template argument for 'std::basic_istream<_Elem,_Traits> &&' from 'int'
  c:\program files (x86)\microsoft visual studio\2017\community\vc\tools\msvc\14.12.25827\include\string(124): note: see declaration of 'std::getline'
c:\users\jered\documents\projects\protein\neuron\neuron.cpp(38): error C2780: 'std::basic_istream<_Elem,_Traits> &std::getline(std::basic_istream<_Elem,_Traits> &&,std::basic_string<_Elem,_Traits,_Alloc> &,const _Elem)': expects 3 arguments - 2 provided
  c:\program files (x86)\microsoft visual studio\2017\community\vc\tools\msvc\14.12.25827\include\string(71): note: see declaration of 'std::getline'
c:\users\jered\documents\projects\protein\neuron\neuron.cpp(39): error C2079: 'ss' uses undefined class 'std::basic_stringstream<char,std::char_traits<char>,std::allocator<char>>'
c:\users\jered\documents\projects\protein\neuron\neuron.cpp(39): error C2440: 'initializing': cannot convert from 'std::string' to 'int'
  c:\users\jered\documents\projects\protein\neuron\neuron.cpp(39): note: No user-defined-conversion operator available that can perform this conversion, or the operator cannot be called
c:\users\jered\documents\projects\protein\neuron\neuron.cpp(40): error C2784: 'std::basic_istream<_Elem,_Traits> &std::operator >>(std::basic_istream<_Elem,_Traits> &,std::basic_string<_Elem,_Traits,_Alloc> &)': could not deduce template argument for 'std::basic_istream<_Elem,_Traits> &' from 'int'
  c:\program files (x86)\microsoft visual studio\2017\community\vc\tools\msvc\14.12.25827\include\string(134): note: see declaration of 'std::operator >>'
c:\users\jered\documents\projects\protein\neuron\neuron.cpp(40): error C2784: 'std::basic_istream<_Elem,_Traits> &std::operator >>(std::basic_istream<_Elem,_Traits> &&,std::basic_string<_Elem,_Traits,_Alloc> &)': could not deduce template argument for 'std::basic_istream<_Elem,_Traits> &&' from 'int'
  c:\program files (x86)\microsoft visual studio\2017\community\vc\tools\msvc\14.12.25827\include\string(20): note: see declaration of 'std::operator >>'
c:\users\jered\documents\projects\protein\neuron\neuron.cpp(40): error C2784: 'std::basic_istream<_Elem,_Traits> &std::operator >>(std::basic_istream<_Elem,_Traits> &&,_Ty &&)': could not deduce template argument for 'std::basic_istream<_Elem,_Traits> &&' from 'int'
  c:\program files (x86)\microsoft visual studio\2017\community\vc\tools\msvc\14.12.25827\include\istream(1087): note: see declaration of 'std::operator >>'
c:\users\jered\documents\projects\protein\neuron\neuron.cpp(40): error C2784: 'std::basic_istream<char,_Traits> &std::operator >>(std::basic_istream<char,_Traits> &,unsigned char &)': could not deduce template argument for 'std::basic_istream<char,_Traits> &' from 'int'
  c:\program files (x86)\microsoft visual studio\2017\community\vc\tools\msvc\14.12.25827\include\istream(1077): note: see declaration of 'std::operator >>'
c:\users\jered\documents\projects\protein\neuron\neuron.cpp(40): error C2784: 'std::basic_istream<char,_Traits> &std::operator >>(std::basic_istream<char,_Traits> &,unsigned char *)': could not deduce template argument for 'std::basic_istream<char,_Traits> &' from 'int'
  c:\program files (x86)\microsoft visual studio\2017\community\vc\tools\msvc\14.12.25827\include\istream(1070): note: see declaration of 'std::operator >>'
c:\users\jered\documents\projects\protein\neuron\neuron.cpp(40): error C2784: 'std::basic_istream<char,_Traits> &std::operator >>(std::basic_istream<char,_Traits> &,signed char &)': could not deduce template argument for 'std::basic_istream<char,_Traits> &' from 'int'
  c:\program files (x86)\microsoft visual studio\2017\community\vc\tools\msvc\14.12.25827\include\istream(1063): note: see declaration of 'std::operator >>'
c:\users\jered\documents\projects\protein\neuron\neuron.cpp(40): error C2784: 'std::basic_istream<char,_Traits> &std::operator >>(std::basic_istream<char,_Traits> &,signed char *)': could not deduce template argument for 'std::basic_istream<char,_Traits> &' from 'int'
  c:\program files (x86)\microsoft visual studio\2017\community\vc\tools\msvc\14.12.25827\include\istream(1056): note: see declaration of 'std::operator >>'
c:\users\jered\documents\projects\protein\neuron\neuron.cpp(40): error C2784: 'std::basic_istream<_Elem,_Traits> &std::operator >>(std::basic_istream<_Elem,_Traits> &,_Elem &)': could not deduce template argument for 'std::basic_istream<_Elem,_Traits> &' from 'int'
  c:\program files (x86)\microsoft visual studio\2017\community\vc\tools\msvc\14.12.25827\include\istream(1031): note: see declaration of 'std::operator >>'
c:\users\jered\documents\projects\protein\neuron\neuron.cpp(40): error C2784: 'std::basic_istream<_Elem,_Traits> &std::operator >>(std::basic_istream<_Elem,_Traits> &,_Elem *)': could not deduce template argument for 'std::basic_istream<_Elem,_Traits> &' from 'int'
  c:\program files (x86)\microsoft visual studio\2017\community\vc\tools\msvc\14.12.25827\include\istream(990): note: see declaration of 'std::operator >>'
c:\users\jered\documents\projects\protein\neuron\neuron.cpp(40): error C2677: binary '>>': no global operator found which takes type 'std::string' (or there is no acceptable conversion)
c:\users\jered\documents\projects\protein\neuron\neuron.cpp(46): error C2228: left of '.eof' must have class/struct/union
  c:\users\jered\documents\projects\protein\neuron\neuron.cpp(46): note: type is 'int'
c:\users\jered\documents\projects\protein\neuron\neuron.cpp(49): warning C4552: '>>': operator has no effect; expected operator with side-effect
c:\users\jered\documents\projects\protein\neuron\neuron.cpp(57): error C2228: left of '.open' must have class/struct/union
  c:\users\jered\documents\projects\protein\neuron\neuron.cpp(57): note: type is 'int'
c:\users\jered\documents\projects\protein\neuron\neuron.cpp(66): error C2672: 'getline': no matching overloaded function found
c:\users\jered\documents\projects\protein\neuron\neuron.cpp(66): error C2784: 'std::basic_istream<_Elem,_Traits> &std::getline(std::basic_istream<_Elem,_Traits> &,std::basic_string<_Elem,_Traits,_Alloc> &)': could not deduce template argument for 'std::basic_istream<_Elem,_Traits> &' from 'int'
  c:\program files (x86)\microsoft visual studio\2017\community\vc\tools\msvc\14.12.25827\include\string(155): note: see declaration of 'std::getline'
c:\users\jered\documents\projects\protein\neuron\neuron.cpp(66): error C2780: 'std::basic_istream<_Elem,_Traits> &std::getline(std::basic_istream<_Elem,_Traits> &,std::basic_string<_Elem,_Traits,_Alloc> &,const _Elem)': expects 3 arguments - 2 provided
  c:\program files (x86)\microsoft visual studio\2017\community\vc\tools\msvc\14.12.25827\include\string(144): note: see declaration of 'std::getline'
c:\users\jered\documents\projects\protein\neuron\neuron.cpp(66): error C2784: 'std::basic_istream<_Elem,_Traits> &std::getline(std::basic_istream<_Elem,_Traits> &&,std::basic_string<_Elem,_Traits,_Alloc> &)': could not deduce template argument for 'std::basic_istream<_Elem,_Traits> &&' from 'int'
  c:\program files (x86)\microsoft visual studio\2017\community\vc\tools\msvc\14.12.25827\include\string(124): note: see declaration of 'std::getline'
c:\users\jered\documents\projects\protein\neuron\neuron.cpp(66): error C2780: 'std::basic_istream<_Elem,_Traits> &std::getline(std::basic_istream<_Elem,_Traits> &&,std::basic_string<_Elem,_Traits,_Alloc> &,const _Elem)': expects 3 arguments - 2 provided
  c:\program files (x86)\microsoft visual studio\2017\community\vc\tools\msvc\14.12.25827\include\string(71): note: see declaration of 'std::getline'
c:\users\jered\documents\projects\protein\neuron\neuron.cpp(67): error C2079: 'ss' uses undefined class 'std::basic_stringstream<char,std::char_traits<char>,std::allocator<char>>'
c:\users\jered\documents\projects\protein\neuron\neuron.cpp(67): error C2440: 'initializing': cannot convert from 'std::string' to 'int'
  c:\users\jered\documents\projects\protein\neuron\neuron.cpp(67): note: No user-defined-conversion operator available that can perform this conversion, or the operator cannot be called
c:\users\jered\documents\projects\protein\neuron\neuron.cpp(70): error C2784: 'std::basic_istream<_Elem,_Traits> &std::operator >>(std::basic_istream<_Elem,_Traits> &,std::basic_string<_Elem,_Traits,_Alloc> &)': could not deduce template argument for 'std::basic_istream<_Elem,_Traits> &' from 'int'
  c:\program files (x86)\microsoft visual studio\2017\community\vc\tools\msvc\14.12.25827\include\string(134): note: see declaration of 'std::operator >>'
c:\users\jered\documents\projects\protein\neuron\neuron.cpp(70): error C2784: 'std::basic_istream<_Elem,_Traits> &std::operator >>(std::basic_istream<_Elem,_Traits> &&,std::basic_string<_Elem,_Traits,_Alloc> &)': could not deduce template argument for 'std::basic_istream<_Elem,_Traits> &&' from 'int'
  c:\program files (x86)\microsoft visual studio\2017\community\vc\tools\msvc\14.12.25827\include\string(20): note: see declaration of 'std::operator >>'
c:\users\jered\documents\projects\protein\neuron\neuron.cpp(70): error C2784: 'std::basic_istream<_Elem,_Traits> &std::operator >>(std::basic_istream<_Elem,_Traits> &&,_Ty &&)': could not deduce template argument for 'std::basic_istream<_Elem,_Traits> &&' from 'int'
  c:\program files (x86)\microsoft visual studio\2017\community\vc\tools\msvc\14.12.25827\include\istream(1087): note: see declaration of 'std::operator >>'
c:\users\jered\documents\projects\protein\neuron\neuron.cpp(70): error C2784: 'std::basic_istream<char,_Traits> &std::operator >>(std::basic_istream<char,_Traits> &,unsigned char &)': could not deduce template argument for 'std::basic_istream<char,_Traits> &' from 'int'
  c:\program files (x86)\microsoft visual studio\2017\community\vc\tools\msvc\14.12.25827\include\istream(1077): note: see declaration of 'std::operator >>'
c:\users\jered\documents\projects\protein\neuron\neuron.cpp(70): error C2784: 'std::basic_istream<char,_Traits> &std::operator >>(std::basic_istream<char,_Traits> &,unsigned char *)': could not deduce template argument for 'std::basic_istream<char,_Traits> &' from 'int'
  c:\program files (x86)\microsoft visual studio\2017\community\vc\tools\msvc\14.12.25827\include\istream(1070): note: see declaration of 'std::operator >>'
c:\users\jered\documents\projects\protein\neuron\neuron.cpp(70): error C2784: 'std::basic_istream<char,_Traits> &std::operator >>(std::basic_istream<char,_Traits> &,signed char &)': could not deduce template argument for 'std::basic_istream<char,_Traits> &' from 'int'
  c:\program files (x86)\microsoft visual studio\2017\community\vc\tools\msvc\14.12.25827\include\istream(1063): note: see declaration of 'std::operator >>'
c:\users\jered\documents\projects\protein\neuron\neuron.cpp(70): error C2784: 'std::basic_istream<char,_Traits> &std::operator >>(std::basic_istream<char,_Traits> &,signed char *)': could not deduce template argument for 'std::basic_istream<char,_Traits> &' from 'int'
  c:\program files (x86)\microsoft visual studio\2017\community\vc\tools\msvc\14.12.25827\include\istream(1056): note: see declaration of 'std::operator >>'
c:\users\jered\documents\projects\protein\neuron\neuron.cpp(70): error C2784: 'std::basic_istream<_Elem,_Traits> &std::operator >>(std::basic_istream<_Elem,_Traits> &,_Elem &)': could not deduce template argument for 'std::basic_istream<_Elem,_Traits> &' from 'int'
  c:\program files (x86)\microsoft visual studio\2017\community\vc\tools\msvc\14.12.25827\include\istream(1031): note: see declaration of 'std::operator >>'
c:\users\jered\documents\projects\protein\neuron\neuron.cpp(70): error C2784: 'std::basic_istream<_Elem,_Traits> &std::operator >>(std::basic_istream<_Elem,_Traits> &,_Elem *)': could not deduce template argument for 'std::basic_istream<_Elem,_Traits> &' from 'int'
  c:\program files (x86)\microsoft visual studio\2017\community\vc\tools\msvc\14.12.25827\include\istream(990): note: see declaration of 'std::operator >>'
c:\users\jered\documents\projects\protein\neuron\neuron.cpp(70): error C2677: binary '>>': no global operator found which takes type 'std::string' (or there is no acceptable conversion)
c:\users\jered\documents\projects\protein\neuron\neuron.cpp(73): error C2297: '>>': illegal, right operand has type 'double'
c:\users\jered\documents\projects\protein\neuron\neuron.cpp(78): warning C4267: 'return': conversion from 'size_t' to 'unsigned int', possible loss of data
c:\users\jered\documents\projects\protein\neuron\neuron.cpp(86): error C2672: 'getline': no matching overloaded function found
c:\users\jered\documents\projects\protein\neuron\neuron.cpp(86): error C2784: 'std::basic_istream<_Elem,_Traits> &std::getline(std::basic_istream<_Elem,_Traits> &,std::basic_string<_Elem,_Traits,_Alloc> &)': could not deduce template argument for 'std::basic_istream<_Elem,_Traits> &' from 'int'
  c:\program files (x86)\microsoft visual studio\2017\community\vc\tools\msvc\14.12.25827\include\string(155): note: see declaration of 'std::getline'
c:\users\jered\documents\projects\protein\neuron\neuron.cpp(86): error C2780: 'std::basic_istream<_Elem,_Traits> &std::getline(std::basic_istream<_Elem,_Traits> &,std::basic_string<_Elem,_Traits,_Alloc> &,const _Elem)': expects 3 arguments - 2 provided
  c:\program files (x86)\microsoft visual studio\2017\community\vc\tools\msvc\14.12.25827\include\string(144): note: see declaration of 'std::getline'
c:\users\jered\documents\projects\protein\neuron\neuron.cpp(86): error C2784: 'std::basic_istream<_Elem,_Traits> &std::getline(std::basic_istream<_Elem,_Traits> &&,std::basic_string<_Elem,_Traits,_Alloc> &)': could not deduce template argument for 'std::basic_istream<_Elem,_Traits> &&' from 'int'
  c:\program files (x86)\microsoft visual studio\2017\community\vc\tools\msvc\14.12.25827\include\string(124): note: see declaration of 'std::getline'
c:\users\jered\documents\projects\protein\neuron\neuron.cpp(86): error C2780: 'std::basic_istream<_Elem,_Traits> &std::getline(std::basic_istream<_Elem,_Traits> &&,std::basic_string<_Elem,_Traits,_Alloc> &,const _Elem)': expects 3 arguments - 2 provided
  c:\program files (x86)\microsoft visual studio\2017\community\vc\tools\msvc\14.12.25827\include\string(71): note: see declaration of 'std::getline'
c:\users\jered\documents\projects\protein\neuron\neuron.cpp(87): error C2079: 'ss' uses undefined class 'std::basic_stringstream<char,std::char_traits<char>,std::allocator<char>>'
c:\users\jered\documents\projects\protein\neuron\neuron.cpp(87): error C2440: 'initializing': cannot convert from 'std::string' to 'int'
  c:\users\jered\documents\projects\protein\neuron\neuron.cpp(87): note: No user-defined-conversion operator available that can perform this conversion, or the operator cannot be called
c:\users\jered\documents\projects\protein\neuron\neuron.cpp(90): error C2784: 'std::basic_istream<_Elem,_Traits> &std::operator >>(std::basic_istream<_Elem,_Traits> &,std::basic_string<_Elem,_Traits,_Alloc> &)': could not deduce template argument for 'std::basic_istream<_Elem,_Traits> &' from 'int'
  c:\program files (x86)\microsoft visual studio\2017\community\vc\tools\msvc\14.12.25827\include\string(134): note: see declaration of 'std::operator >>'
c:\users\jered\documents\projects\protein\neuron\neuron.cpp(90): error C2784: 'std::basic_istream<_Elem,_Traits> &std::operator >>(std::basic_istream<_Elem,_Traits> &&,std::basic_string<_Elem,_Traits,_Alloc> &)': could not deduce template argument for 'std::basic_istream<_Elem,_Traits> &&' from 'int'
  c:\program files (x86)\microsoft visual studio\2017\community\vc\tools\msvc\14.12.25827\include\string(20): note: see declaration of 'std::operator >>'
c:\users\jered\documents\projects\protein\neuron\neuron.cpp(90): error C2784: 'std::basic_istream<_Elem,_Traits> &std::operator >>(std::basic_istream<_Elem,_Traits> &&,_Ty &&)': could not deduce template argument for 'std::basic_istream<_Elem,_Traits> &&' from 'int'
  c:\program files (x86)\microsoft visual studio\2017\community\vc\tools\msvc\14.12.25827\include\istream(1087): note: see declaration of 'std::operator >>'
c:\users\jered\documents\projects\protein\neuron\neuron.cpp(90): error C2784: 'std::basic_istream<char,_Traits> &std::operator >>(std::basic_istream<char,_Traits> &,unsigned char &)': could not deduce template argument for 'std::basic_istream<char,_Traits> &' from 'int'
  c:\program files (x86)\microsoft visual studio\2017\community\vc\tools\msvc\14.12.25827\include\istream(1077): note: see declaration of 'std::operator >>'
c:\users\jered\documents\projects\protein\neuron\neuron.cpp(90): error C2784: 'std::basic_istream<char,_Traits> &std::operator >>(std::basic_istream<char,_Traits> &,unsigned char *)': could not deduce template argument for 'std::basic_istream<char,_Traits> &' from 'int'
  c:\program files (x86)\microsoft visual studio\2017\community\vc\tools\msvc\14.12.25827\include\istream(1070): note: see declaration of 'std::operator >>'
c:\users\jered\documents\projects\protein\neuron\neuron.cpp(90): error C2784: 'std::basic_istream<char,_Traits> &std::operator >>(std::basic_istream<char,_Traits> &,signed char &)': could not deduce template argument for 'std::basic_istream<char,_Traits> &' from 'int'
  c:\program files (x86)\microsoft visual studio\2017\community\vc\tools\msvc\14.12.25827\include\istream(1063): note: see declaration of 'std::operator >>'
c:\users\jered\documents\projects\protein\neuron\neuron.cpp(90): error C2784: 'std::basic_istream<char,_Traits> &std::operator >>(std::basic_istream<char,_Traits> &,signed char *)': could not deduce template argument for 'std::basic_istream<char,_Traits> &' from 'int'
  c:\program files (x86)\microsoft visual studio\2017\community\vc\tools\msvc\14.12.25827\include\istream(1056): note: see declaration of 'std::operator >>'
c:\users\jered\documents\projects\protein\neuron\neuron.cpp(90): error C2784: 'std::basic_istream<_Elem,_Traits> &std::operator >>(std::basic_istream<_Elem,_Traits> &,_Elem &)': could not deduce template argument for 'std::basic_istream<_Elem,_Traits> &' from 'int'
  c:\program files (x86)\microsoft visual studio\2017\community\vc\tools\msvc\14.12.25827\include\istream(1031): note: see declaration of 'std::operator >>'
c:\users\jered\documents\projects\protein\neuron\neuron.cpp(90): error C2784: 'std::basic_istream<_Elem,_Traits> &std::operator >>(std::basic_istream<_Elem,_Traits> &,_Elem *)': could not deduce template argument for 'std::basic_istream<_Elem,_Traits> &' from 'int'
  c:\program files (x86)\microsoft visual studio\2017\community\vc\tools\msvc\14.12.25827\include\istream(990): note: see declaration of 'std::operator >>'
c:\users\jered\documents\projects\protein\neuron\neuron.cpp(90): error C2677: binary '>>': no global operator found which takes type 'std::string' (or there is no acceptable conversion)
c:\users\jered\documents\projects\protein\neuron\neuron.cpp(93): error C2297: '>>': illegal, right operand has type 'double'
c:\users\jered\documents\projects\protein\neuron\neuron.cpp(98): warning C4267: 'return': conversion from 'size_t' to 'unsigned int', possible loss of data
c:\users\jered\documents\projects\protein\neuron\neuron.cpp(282): warning C4267: 'initializing': conversion from 'size_t' to 'unsigned int', possible loss of data
c:\users\jered\documents\projects\protein\neuron\neuron.cpp(296): warning C4267: 'initializing': conversion from 'size_t' to 'unsigned int', possible loss of data
c:\users\jered\documents\projects\protein\neuron\neuron.cpp(311): error C3861: 'assert': identifier not found
c:\users\jered\documents\projects\protein\neuron\neuron.cpp(328): warning C4267: 'initializing': conversion from 'size_t' to 'unsigned int', possible loss of data
c:\users\jered\documents\projects\protein\neuron\neuron.cpp(339): error C2065: 'cout': undeclared identifier
c:\users\jered\documents\projects\protein\neuron\neuron.cpp(349): error C2065: 'cout': undeclared identifier
c:\users\jered\documents\projects\protein\neuron\neuron.cpp(352): error C2065: 'cout': undeclared identifier
c:\users\jered\documents\projects\protein\neuron\neuron.cpp(354): error C2065: 'cout': undeclared identifier
c:\users\jered\documents\projects\protein\neuron\neuron.cpp(354): error C2563: mismatch in formal parameter list
c:\users\jered\documents\projects\protein\neuron\neuron.cpp(354): error C2568: '<<': unable to resolve function overload
  c:\users\jered\documents\projects\protein\neuron\neuron.cpp(354): note: could be 'std::basic_ostream<_Elem,_Traits> &std::endl(std::basic_ostream<_Elem,_Traits> &)'
c:\users\jered\documents\projects\protein\neuron\neuron.cpp(373): error C2065: 'cout': undeclared identifier
c:\users\jered\documents\projects\protein\neuron\neuron.cpp(373): error C2563: mismatch in formal parameter list
c:\users\jered\documents\projects\protein\neuron\neuron.cpp(373): error C2568: '<<': unable to resolve function overload
  c:\users\jered\documents\projects\protein\neuron\neuron.cpp(373): note: could be 'std::basic_ostream<_Elem,_Traits> &std::endl(std::basic_ostream<_Elem,_Traits> &)'
c:\users\jered\documents\projects\protein\neuron\neuron.cpp(388): error C3861: 'assert': identifier not found
c:\users\jered\documents\projects\protein\neuron\neuron.cpp(393): error C2065: 'cout': undeclared identifier
c:\users\jered\documents\projects\protein\neuron\neuron.cpp(397): error C2065: 'cout': undeclared identifier
c:\users\jered\documents\projects\protein\neuron\neuron.cpp(397): error C2563: mismatch in formal parameter list
c:\users\jered\documents\projects\protein\neuron\neuron.cpp(397): error C2568: '<<': unable to resolve function overload
  c:\users\jered\documents\projects\protein\neuron\neuron.cpp(397): note: could be 'std::basic_ostream<_Elem,_Traits> &std::endl(std::basic_ostream<_Elem,_Traits> &)'
